<?xml version="1.0" encoding="UTF-8" ?>
<testsuite tests="1" failures="1" name="tests.PrintOrSendEmailTest" time="11.807" errors="0" skipped="0">
  <properties>
    <property name="java.runtime.name" value="OpenJDK Runtime Environment"/>
    <property name="java.vm.version" value="11.0.19+7-post-Ubuntu-0ubuntu122.04.1"/>
    <property name="sun.boot.library.path" value="/usr/lib/jvm/java-11-openjdk-amd64/lib"/>
    <property name="maven.multiModuleProjectDirectory" value="/home/beeweb/Desktop/Projects/JavaProjects/CMS_Administration"/>
    <property name="java.vm.vendor" value="Ubuntu"/>
    <property name="java.vendor.url" value="https://ubuntu.com/"/>
    <property name="guice.disable.misplaced.annotation.check" value="true"/>
    <property name="browserType" value="chrome"/>
    <property name="path.separator" value=":"/>
    <property name="java.vm.name" value="OpenJDK 64-Bit Server VM"/>
    <property name="sun.os.patch.level" value="unknown"/>
    <property name="user.country" value="US"/>
    <property name="sun.java.launcher" value="SUN_STANDARD"/>
    <property name="test" value="PrintOrSendEmailTest"/>
    <property name="java.vm.specification.name" value="Java Virtual Machine Specification"/>
    <property name="user.dir" value="/home/beeweb/Desktop/Projects/JavaProjects/CMS_Administration"/>
    <property name="java.vm.compressedOopsMode" value="Zero based"/>
    <property name="java.runtime.version" value="11.0.19+7-post-Ubuntu-0ubuntu122.04.1"/>
    <property name="java.awt.graphicsenv" value="sun.awt.X11GraphicsEnvironment"/>
    <property name="os.arch" value="amd64"/>
    <property name="java.io.tmpdir" value="/tmp"/>
    <property name="line.separator" value="
"/>
    <property name="java.vm.specification.vendor" value="Oracle Corporation"/>
    <property name="os.name" value="Linux"/>
    <property name="classworlds.conf" value="/usr/share/maven/bin/m2.conf"/>
    <property name="sun.jnu.encoding" value="UTF-8"/>
    <property name="java.library.path" value="/usr/java/packages/lib:/usr/lib/x86_64-linux-gnu/jni:/lib/x86_64-linux-gnu:/usr/lib/x86_64-linux-gnu:/usr/lib/jni:/lib:/usr/lib"/>
    <property name="maven.conf" value="/usr/share/maven/conf"/>
    <property name="jdk.debug" value="release"/>
    <property name="java.class.version" value="55.0"/>
    <property name="java.specification.name" value="Java Platform API Specification"/>
    <property name="sun.management.compiler" value="HotSpot 64-Bit Tiered Compilers"/>
    <property name="os.version" value="5.19.0-43-generic"/>
    <property name="library.jansi.path" value="/usr/share/maven/lib/jansi-native"/>
    <property name="user.home" value="/home/beeweb"/>
    <property name="user.timezone" value="Asia/Yerevan"/>
    <property name="java.awt.printerjob" value="sun.print.PSPrinterJob"/>
    <property name="file.encoding" value="UTF-8"/>
    <property name="java.specification.version" value="11"/>
    <property name="user.name" value="beeweb"/>
    <property name="java.class.path" value="/usr/share/maven/boot/plexus-classworlds-2.x.jar"/>
    <property name="java.vm.specification.version" value="11"/>
    <property name="sun.arch.data.model" value="64"/>
    <property name="sun.java.command" value="org.codehaus.plexus.classworlds.launcher.Launcher test -DbrowserType=chrome -Dtest=PrintOrSendEmailTest -Denvironment=qa"/>
    <property name="java.home" value="/usr/lib/jvm/java-11-openjdk-amd64"/>
    <property name="user.language" value="en"/>
    <property name="java.specification.vendor" value="Oracle Corporation"/>
    <property name="awt.toolkit" value="sun.awt.X11.XToolkit"/>
    <property name="java.vm.info" value="mixed mode, sharing"/>
    <property name="java.version" value="11.0.19"/>
    <property name="java.vendor" value="Ubuntu"/>
    <property name="environment" value="qa"/>
    <property name="maven.home" value="/usr/share/maven"/>
    <property name="file.separator" value="/"/>
    <property name="java.version.date" value="2023-04-18"/>
    <property name="java.vendor.url.bug" value="https://bugs.launchpad.net/ubuntu/+source/openjdk-lts"/>
    <property name="sun.io.unicode.encoding" value="UnicodeLittle"/>
    <property name="sun.cpu.endian" value="little"/>
    <property name="sun.desktop" value="gnome"/>
    <property name="sun.cpu.isalist" value=""/>
  </properties>
  <testcase classname="tests.PrintOrSendEmailTest" name="sendNewTemplate" time="11.807">
    <failure message="element click intercepted: Element &lt;li class=&quot;kt-menu__item kt-menu__item--submenu kt-menu__item--rel ng-scope&quot; ng-if=&quot;permissionMap.manage || permissionMap.manage_settings&quot; ng-show=&quot;(userInfo.user &amp;amp;&amp;amp; !userInfo.user.super_admin)&quot; ng-class=&quot;{&apos;kt-menu__item--here&apos;: [&apos;members&apos;, &apos;prospects&apos;, &apos;user-management&apos;, &apos;checkIn-manage&apos;, &apos;appointments&apos;, &apos;bookings&apos;, &apos;membership&apos;, &apos;finance&apos;, &apos;check-round&apos;,
                                                                &apos;team&apos;, &apos;manage-analytics&apos;, &apos;manage-settings&apos;, &apos;locations&apos;, &apos;notifications&apos;,&apos;booking-account-main&apos;, &apos;app-content-management&apos;].includes($root.page)}&quot; data-ktmenu-submenu-toggle=&quot;click&quot; aria-haspopup=&quot;true&quot; style=&quot;&quot;&gt;...&lt;/li&gt; is not clickable at point (111, 100). Other element would receive the click: &lt;div id=&quot;projectView&quot; class=&quot;cover&quot;&gt;...&lt;/div&gt;
  (Session info: chrome=112.0.5615.165)
Build info: version: &apos;4.9.1&apos;, revision: &apos;eb2032df7f&apos;
System info: os.name: &apos;Linux&apos;, os.arch: &apos;amd64&apos;, os.version: &apos;5.19.0-43-generic&apos;, java.version: &apos;11.0.19&apos;
Driver info: org.openqa.selenium.chrome.ChromeDriver
Command: [bee12016a97769cead925335d2cfb5c9, clickElement {id=4095509d-8835-42e4-bc5f-63437427e8dd}]
Capabilities {acceptInsecureCerts: false, browserName: chrome, browserVersion: 112.0.5615.165, chrome: {chromedriverVersion: 112.0.5615.49 (bd2a7bcb881c..., userDataDir: /tmp/.com.google.Chrome.eUqwBt}, goog:chromeOptions: {debuggerAddress: localhost:39703}, networkConnectionEnabled: false, pageLoadStrategy: normal, platformName: linux, proxy: Proxy(), se:cdp: ws://localhost:39703/devtoo..., se:cdpVersion: 112.0.5615.165, setWindowRect: true, strictFileInteractability: false, timeouts: {implicit: 0, pageLoad: 300000, script: 30000}, unhandledPromptBehavior: dismiss and notify, webauthn:extension:credBlob: true, webauthn:extension:largeBlob: true, webauthn:extension:minPinLength: true, webauthn:extension:prf: true, webauthn:virtualAuthenticators: true}
Element: [[ChromeDriver: chrome on linux (bee12016a97769cead925335d2cfb5c9)] -&gt; css selector: [class=&apos;kt-menu__nav &apos;]&gt;li:nth-child(1)]
Session ID: bee12016a97769cead925335d2cfb5c9" type="org.openqa.selenium.ElementClickInterceptedException">org.openqa.selenium.ElementClickInterceptedException: element click intercepted: Element &lt;li class=&quot;kt-menu__item kt-menu__item--submenu kt-menu__item--rel ng-scope&quot; ng-if=&quot;permissionMap.manage || permissionMap.manage_settings&quot; ng-show=&quot;(userInfo.user &amp;amp;&amp;amp; !userInfo.user.super_admin)&quot; ng-class=&quot;{&apos;kt-menu__item--here&apos;: [&apos;members&apos;, &apos;prospects&apos;, &apos;user-management&apos;, &apos;checkIn-manage&apos;, &apos;appointments&apos;, &apos;bookings&apos;, &apos;membership&apos;, &apos;finance&apos;, &apos;check-round&apos;,
                                                                &apos;team&apos;, &apos;manage-analytics&apos;, &apos;manage-settings&apos;, &apos;locations&apos;, &apos;notifications&apos;,&apos;booking-account-main&apos;, &apos;app-content-management&apos;].includes($root.page)}&quot; data-ktmenu-submenu-toggle=&quot;click&quot; aria-haspopup=&quot;true&quot; style=&quot;&quot;&gt;...&lt;/li&gt; is not clickable at point (111, 100). Other element would receive the click: &lt;div id=&quot;projectView&quot; class=&quot;cover&quot;&gt;...&lt;/div&gt;
  (Session info: chrome=112.0.5615.165)
Build info: version: &apos;4.9.1&apos;, revision: &apos;eb2032df7f&apos;
System info: os.name: &apos;Linux&apos;, os.arch: &apos;amd64&apos;, os.version: &apos;5.19.0-43-generic&apos;, java.version: &apos;11.0.19&apos;
Driver info: org.openqa.selenium.chrome.ChromeDriver
Command: [bee12016a97769cead925335d2cfb5c9, clickElement {id=4095509d-8835-42e4-bc5f-63437427e8dd}]
Capabilities {acceptInsecureCerts: false, browserName: chrome, browserVersion: 112.0.5615.165, chrome: {chromedriverVersion: 112.0.5615.49 (bd2a7bcb881c..., userDataDir: /tmp/.com.google.Chrome.eUqwBt}, goog:chromeOptions: {debuggerAddress: localhost:39703}, networkConnectionEnabled: false, pageLoadStrategy: normal, platformName: linux, proxy: Proxy(), se:cdp: ws://localhost:39703/devtoo..., se:cdpVersion: 112.0.5615.165, setWindowRect: true, strictFileInteractability: false, timeouts: {implicit: 0, pageLoad: 300000, script: 30000}, unhandledPromptBehavior: dismiss and notify, webauthn:extension:credBlob: true, webauthn:extension:largeBlob: true, webauthn:extension:minPinLength: true, webauthn:extension:prf: true, webauthn:virtualAuthenticators: true}
Element: [[ChromeDriver: chrome on linux (bee12016a97769cead925335d2cfb5c9)] -&gt; css selector: [class=&apos;kt-menu__nav &apos;]&gt;li:nth-child(1)]
Session ID: bee12016a97769cead925335d2cfb5c9
	at java.base/jdk.internal.reflect.NativeConstructorAccessorImpl.newInstance0(Native Method)
	at java.base/jdk.internal.reflect.NativeConstructorAccessorImpl.newInstance(NativeConstructorAccessorImpl.java:62)
	at java.base/jdk.internal.reflect.DelegatingConstructorAccessorImpl.newInstance(DelegatingConstructorAccessorImpl.java:45)
	at java.base/java.lang.reflect.Constructor.newInstance(Constructor.java:490)
	at org.openqa.selenium.remote.codec.w3c.W3CHttpResponseCodec.createException(W3CHttpResponseCodec.java:200)
	at org.openqa.selenium.remote.codec.w3c.W3CHttpResponseCodec.decode(W3CHttpResponseCodec.java:133)
	at org.openqa.selenium.remote.codec.w3c.W3CHttpResponseCodec.decode(W3CHttpResponseCodec.java:53)
	at org.openqa.selenium.remote.HttpCommandExecutor.execute(HttpCommandExecutor.java:193)
	at org.openqa.selenium.remote.service.DriverCommandExecutor.invokeExecute(DriverCommandExecutor.java:183)
	at org.openqa.selenium.remote.service.DriverCommandExecutor.execute(DriverCommandExecutor.java:158)
	at org.openqa.selenium.remote.RemoteWebDriver.execute(RemoteWebDriver.java:543)
	at org.openqa.selenium.remote.RemoteWebElement.execute(RemoteWebElement.java:257)
	at org.openqa.selenium.remote.RemoteWebElement.click(RemoteWebElement.java:78)
	at java.base/jdk.internal.reflect.NativeMethodAccessorImpl.invoke0(Native Method)
	at java.base/jdk.internal.reflect.NativeMethodAccessorImpl.invoke(NativeMethodAccessorImpl.java:62)
	at java.base/jdk.internal.reflect.DelegatingMethodAccessorImpl.invoke(DelegatingMethodAccessorImpl.java:43)
	at java.base/java.lang.reflect.Method.invoke(Method.java:566)
	at org.openqa.selenium.support.pagefactory.internal.LocatingElementHandler.invoke(LocatingElementHandler.java:52)
	at com.sun.proxy.$Proxy22.click(Unknown Source)
	at pages.FundamentalUse.click(FundamentalUse.java:30)
	at pages.NavigationMenuPage.navigateToMemberOverview(NavigationMenuPage.java:46)
	at tests.PrintOrSendEmailTest.sendNewTemplate(PrintOrSendEmailTest.java:26)
</failure>
    <system-out>Configuring TestNG with: org.apache.maven.surefire.testng.conf.TestNG652Configurator@180bc464
</system-out>
    <system-err>SLF4J: Failed to load class &quot;org.slf4j.impl.StaticLoggerBinder&quot;.
SLF4J: Defaulting to no-operation (NOP) logger implementation
SLF4J: See http://www.slf4j.org/codes.html#StaticLoggerBinder for further details.
Starting ChromeDriver 112.0.5615.49 (bd2a7bcb881c11e8cfe3078709382934e3916914-refs/branch-heads/5615@{#936}) on port 27659
Only local connections are allowed.
Please see https://chromedriver.chromium.org/security-considerations for suggestions on keeping ChromeDriver safe.
ChromeDriver was started successfully.
Jun 11, 2023 9:22:15 PM pages.FundamentalUse sendKeys
INFO: Filling field with text qaAdminSub
Jun 11, 2023 9:22:15 PM pages.FundamentalUse sendKeys
INFO: Filling field with text test
Jun 11, 2023 9:22:15 PM pages.FundamentalUse click
INFO: Clicking to 
Jun 11, 2023 9:22:15 PM pages.FundamentalUse click
INFO: Clicking to Login
Jun 11, 2023 9:22:20 PM pages.FundamentalUse click
INFO: Clicking to QA-sub
prj::ffc8bd13-16a7-4c86-bc68-45c50d514f5e
Jun 11, 2023 9:22:25 PM pages.FundamentalUse click
INFO: Clicking to Manage
</system-err>
  </testcase>
</testsuite>