<?xml version="1.0" encoding="UTF-8"?>
<!-- Generated by org.testng.reporters.JUnitXMLReporter -->
<testsuite ignored="0" hostname="beeweb-Lenovo-ideapad-330-15IKB" failures="1" tests="1" name="Command line test" time="27.651" errors="0" timestamp="2023-06-11T21:22:27 AMT">
  <testcase classname="tests.PrintOrSendEmailTest" name="sendNewTemplate" time="11.787">
    <failure type="org.openqa.selenium.ElementClickInterceptedException" message="element click intercepted: Element &amp;lt;li class=&amp;quot;kt-menu__item kt-menu__item--submenu kt-menu__item--rel ng-scope&amp;quot; ng-if=&amp;quot;permissionMap.manage || permissionMap.manage_settings&amp;quot; ng-show=&amp;quot;(userInfo.user &amp;amp;amp;&amp;amp;amp; !userInfo.user.super_admin)&amp;quot; ng-class=&amp;quot;{&amp;apos;kt-menu__item--here&amp;apos;: [&amp;apos;members&amp;apos;, &amp;apos;prospects&amp;apos;, &amp;apos;user-management&amp;apos;, &amp;apos;checkIn-manage&amp;apos;, &amp;apos;appointments&amp;apos;, &amp;apos;bookings&amp;apos;, &amp;apos;membership&amp;apos;, &amp;apos;finance&amp;apos;, &amp;apos;check-round&amp;apos;,
                                                                &amp;apos;team&amp;apos;, &amp;apos;manage-analytics&amp;apos;, &amp;apos;manage-settings&amp;apos;, &amp;apos;locations&amp;apos;, &amp;apos;notifications&amp;apos;,&amp;apos;booking-account-main&amp;apos;, &amp;apos;app-content-management&amp;apos;].includes($root.page)}&amp;quot; data-ktmenu-submenu-toggle=&amp;quot;click&amp;quot; aria-haspopup=&amp;quot;true&amp;quot; style=&amp;quot;&amp;quot;&amp;gt;...&amp;lt;/li&amp;gt; is not clickable at point (111, 100). Other element would receive the click: &amp;lt;div id=&amp;quot;projectView&amp;quot; class=&amp;quot;cover&amp;quot;&amp;gt;...&amp;lt;/div&amp;gt;
  (Session info: chrome=112.0.5615.165)
Build info: version: &amp;apos;4.9.1&amp;apos;, revision: &amp;apos;eb2032df7f&amp;apos;
System info: os.name: &amp;apos;Linux&amp;apos;, os.arch: &amp;apos;amd64&amp;apos;, os.version: &amp;apos;5.19.0-43-generic&amp;apos;, java.version: &amp;apos;11.0.19&amp;apos;
Driver info: org.openqa.selenium.chrome.ChromeDriver
Command: [bee12016a97769cead925335d2cfb5c9, clickElement {id=4095509d-8835-42e4-bc5f-63437427e8dd}]
Capabilities {acceptInsecureCerts: false, browserName: chrome, browserVersion: 112.0.5615.165, chrome: {chromedriverVersion: 112.0.5615.49 (bd2a7bcb881c..., userDataDir: /tmp/.com.google.Chrome.eUqwBt}, goog:chromeOptions: {debuggerAddress: localhost:39703}, networkConnectionEnabled: false, pageLoadStrategy: normal, platformName: linux, proxy: Proxy(), se:cdp: ws://localhost:39703/devtoo..., se:cdpVersion: 112.0.5615.165, setWindowRect: true, strictFileInteractability: false, timeouts: {implicit: 0, pageLoad: 300000, script: 30000}, unhandledPromptBehavior: dismiss and notify, webauthn:extension:credBlob: true, webauthn:extension:largeBlob: true, webauthn:extension:minPinLength: true, webauthn:extension:prf: true, webauthn:virtualAuthenticators: true}
Element: [[ChromeDriver: chrome on linux (bee12016a97769cead925335d2cfb5c9)] -&amp;gt; css selector: [class=&amp;apos;kt-menu__nav &amp;apos;]&amp;gt;li:nth-child(1)]
Session ID: bee12016a97769cead925335d2cfb5c9">
      <![CDATA[org.openqa.selenium.ElementClickInterceptedException: element click intercepted: Element <li class="kt-menu__item kt-menu__item--submenu kt-menu__item--rel ng-scope" ng-if="permissionMap.manage || permissionMap.manage_settings" ng-show="(userInfo.user &amp;&amp; !userInfo.user.super_admin)" ng-class="{'kt-menu__item--here': ['members', 'prospects', 'user-management', 'checkIn-manage', 'appointments', 'bookings', 'membership', 'finance', 'check-round',
                                                                'team', 'manage-analytics', 'manage-settings', 'locations', 'notifications','booking-account-main', 'app-content-management'].includes($root.page)}" data-ktmenu-submenu-toggle="click" aria-haspopup="true" style="">...</li> is not clickable at point (111, 100). Other element would receive the click: <div id="projectView" class="cover">...</div>
  (Session info: chrome=112.0.5615.165)
Build info: version: '4.9.1', revision: 'eb2032df7f'
System info: os.name: 'Linux', os.arch: 'amd64', os.version: '5.19.0-43-generic', java.version: '11.0.19'
Driver info: org.openqa.selenium.chrome.ChromeDriver
Command: [bee12016a97769cead925335d2cfb5c9, clickElement {id=4095509d-8835-42e4-bc5f-63437427e8dd}]
Capabilities {acceptInsecureCerts: false, browserName: chrome, browserVersion: 112.0.5615.165, chrome: {chromedriverVersion: 112.0.5615.49 (bd2a7bcb881c..., userDataDir: /tmp/.com.google.Chrome.eUqwBt}, goog:chromeOptions: {debuggerAddress: localhost:39703}, networkConnectionEnabled: false, pageLoadStrategy: normal, platformName: linux, proxy: Proxy(), se:cdp: ws://localhost:39703/devtoo..., se:cdpVersion: 112.0.5615.165, setWindowRect: true, strictFileInteractability: false, timeouts: {implicit: 0, pageLoad: 300000, script: 30000}, unhandledPromptBehavior: dismiss and notify, webauthn:extension:credBlob: true, webauthn:extension:largeBlob: true, webauthn:extension:minPinLength: true, webauthn:extension:prf: true, webauthn:virtualAuthenticators: true}
Element: [[ChromeDriver: chrome on linux (bee12016a97769cead925335d2cfb5c9)] -> css selector: [class='kt-menu__nav ']>li:nth-child(1)]
Session ID: bee12016a97769cead925335d2cfb5c9
at org.openqa.selenium.remote.codec.w3c.W3CHttpResponseCodec.createException(W3CHttpResponseCodec.java:200)
at org.openqa.selenium.remote.codec.w3c.W3CHttpResponseCodec.decode(W3CHttpResponseCodec.java:133)
at org.openqa.selenium.remote.codec.w3c.W3CHttpResponseCodec.decode(W3CHttpResponseCodec.java:53)
at org.openqa.selenium.remote.HttpCommandExecutor.execute(HttpCommandExecutor.java:193)
at org.openqa.selenium.remote.service.DriverCommandExecutor.invokeExecute(DriverCommandExecutor.java:183)
at org.openqa.selenium.remote.service.DriverCommandExecutor.execute(DriverCommandExecutor.java:158)
at org.openqa.selenium.remote.RemoteWebDriver.execute(RemoteWebDriver.java:543)
at org.openqa.selenium.remote.RemoteWebElement.execute(RemoteWebElement.java:257)
at org.openqa.selenium.remote.RemoteWebElement.click(RemoteWebElement.java:78)
at org.openqa.selenium.support.pagefactory.internal.LocatingElementHandler.invoke(LocatingElementHandler.java:52)
at com.sun.proxy.$Proxy22.click(Unknown Source)
at pages.FundamentalUse.click(FundamentalUse.java:30)
at pages.NavigationMenuPage.navigateToMemberOverview(NavigationMenuPage.java:46)
at tests.PrintOrSendEmailTest.sendNewTemplate(PrintOrSendEmailTest.java:26)
at java.base/java.util.ArrayList.forEach(ArrayList.java:1541)
... Removed 44 stack frames]]>
    </failure>
  </testcase> <!-- sendNewTemplate -->
</testsuite> <!-- Command line test -->
